android/app/build/intermediates/manifest_merge_blame_file/debug/manifest-merger-blame-debug-report.txt
1<?xml version="1.0" encoding="utf-8"?>
2<manifest xmlns:android="http://schemas.android.com/apk/res/android"
3    package="com.weatherapp"
4    android:versionCode="1"
5    android:versionName="1.0" >
6
7    <uses-sdk
8        android:minSdkVersion="16"
9        android:targetSdkVersion="29" />
10
11    <uses-permission android:name="android.permission.SYSTEM_ALERT_WINDOW" />
11-->src/debug/AndroidManifest.xml:5:5-77
11-->src/debug/AndroidManifest.xml:5:22-75
12    <uses-permission android:name="android.permission.INTERNET" />
12-->src/main/AndroidManifest.xml:4:5-67
12-->src/main/AndroidManifest.xml:4:22-64
13    <uses-permission android:name="android.permission.ACCESS_COARSE_LOCATION" />
13-->src/main/AndroidManifest.xml:5:5-81
13-->src/main/AndroidManifest.xml:5:22-78
14    <uses-permission android:name="android.permission.ACCESS_FINE_LOCATION" />
14-->src/main/AndroidManifest.xml:6:5-79
14-->src/main/AndroidManifest.xml:6:22-76
15    <uses-permission android:name="android.permission.VIBRATE" />
15-->src/main/AndroidManifest.xml:7:5-66
15-->src/main/AndroidManifest.xml:7:22-63
16    <uses-permission android:name="android.permission.RECEIVE_BOOT_COMPLETED" />
16-->src/main/AndroidManifest.xml:8:5-80
16-->src/main/AndroidManifest.xml:8:22-78
17    <uses-permission android:name="android.permission.FOREGROUND_SERVICE" />
17-->src/main/AndroidManifest.xml:9:5-77
17-->src/main/AndroidManifest.xml:9:22-74
18    <uses-permission android:name="android.permission.ACCESS_WIFI_STATE" />
18-->[com.facebook.flipper:flipper:0.37.0] AndroidManifest.xml:16:5-76
18-->[com.facebook.flipper:flipper:0.37.0] AndroidManifest.xml:16:22-73
19    <uses-permission android:name="android.permission.ACCESS_NETWORK_STATE" />
19-->[com.google.firebase:firebase-messaging:21.1.0] AndroidManifest.xml:22:5-79
19-->[com.google.firebase:firebase-messaging:21.1.0] AndroidManifest.xml:22:22-76
20    <uses-permission android:name="android.permission.WAKE_LOCK" /> <!-- Required by older versions of Google Play services to create IID tokens -->
20-->[com.google.firebase:firebase-messaging:21.1.0] AndroidManifest.xml:23:5-68
20-->[com.google.firebase:firebase-messaging:21.1.0] AndroidManifest.xml:23:22-65
21    <uses-permission android:name="com.google.android.c2dm.permission.RECEIVE" />
21-->[com.google.firebase:firebase-messaging:21.1.0] AndroidManifest.xml:25:5-82
21-->[com.google.firebase:firebase-messaging:21.1.0] AndroidManifest.xml:25:22-79
22
23    <uses-feature
23-->[com.google.android.gms:play-services-maps:17.0.0] AndroidManifest.xml:26:5-28:35
24        android:glEsVersion="0x00020000"
24-->[com.google.android.gms:play-services-maps:17.0.0] AndroidManifest.xml:27:9-41
25        android:required="true" /> <!-- for android -->
25-->[com.google.android.gms:play-services-maps:17.0.0] AndroidManifest.xml:28:9-32
26    <!-- <uses-permission android:name="com.android.launcher.permission.READ_SETTINGS"/> -->
27    <!-- <uses-permission android:name="com.android.launcher.permission.WRITE_SETTINGS"/> -->
28    <!-- <uses-permission android:name="com.android.launcher.permission.INSTALL_SHORTCUT" /> -->
29    <!-- <uses-permission android:name="com.android.launcher.permission.UNINSTALL_SHORTCUT" /> -->
30    <!-- for Samsung -->
31    <uses-permission android:name="com.sec.android.provider.badge.permission.READ" />
31-->[me.leolin:ShortcutBadger:1.1.22] AndroidManifest.xml:19:5-86
31-->[me.leolin:ShortcutBadger:1.1.22] AndroidManifest.xml:19:22-83
32    <uses-permission android:name="com.sec.android.provider.badge.permission.WRITE" /> <!-- for htc -->
32-->[me.leolin:ShortcutBadger:1.1.22] AndroidManifest.xml:20:5-87
32-->[me.leolin:ShortcutBadger:1.1.22] AndroidManifest.xml:20:22-84
33    <uses-permission android:name="com.htc.launcher.permission.READ_SETTINGS" />
33-->[me.leolin:ShortcutBadger:1.1.22] AndroidManifest.xml:23:5-81
33-->[me.leolin:ShortcutBadger:1.1.22] AndroidManifest.xml:23:22-78
34    <uses-permission android:name="com.htc.launcher.permission.UPDATE_SHORTCUT" /> <!-- for sony -->
34-->[me.leolin:ShortcutBadger:1.1.22] AndroidManifest.xml:24:5-83
34-->[me.leolin:ShortcutBadger:1.1.22] AndroidManifest.xml:24:22-80
35    <uses-permission android:name="com.sonyericsson.home.permission.BROADCAST_BADGE" />
35-->[me.leolin:ShortcutBadger:1.1.22] AndroidManifest.xml:27:5-88
35-->[me.leolin:ShortcutBadger:1.1.22] AndroidManifest.xml:27:22-85
36    <uses-permission android:name="com.sonymobile.home.permission.PROVIDER_INSERT_BADGE" /> <!-- for apex -->
36-->[me.leolin:ShortcutBadger:1.1.22] AndroidManifest.xml:28:5-92
36-->[me.leolin:ShortcutBadger:1.1.22] AndroidManifest.xml:28:22-89
37    <uses-permission android:name="com.anddoes.launcher.permission.UPDATE_COUNT" /> <!-- for solid -->
37-->[me.leolin:ShortcutBadger:1.1.22] AndroidManifest.xml:31:5-84
37-->[me.leolin:ShortcutBadger:1.1.22] AndroidManifest.xml:31:22-81
38    <uses-permission android:name="com.majeur.launcher.permission.UPDATE_BADGE" /> <!-- for huawei -->
38-->[me.leolin:ShortcutBadger:1.1.22] AndroidManifest.xml:34:5-83
38-->[me.leolin:ShortcutBadger:1.1.22] AndroidManifest.xml:34:22-80
39    <uses-permission android:name="com.huawei.android.launcher.permission.CHANGE_BADGE" />
39-->[me.leolin:ShortcutBadger:1.1.22] AndroidManifest.xml:37:5-91
39-->[me.leolin:ShortcutBadger:1.1.22] AndroidManifest.xml:37:22-88
40    <uses-permission android:name="com.huawei.android.launcher.permission.READ_SETTINGS" />
40-->[me.leolin:ShortcutBadger:1.1.22] AndroidManifest.xml:38:5-92
40-->[me.leolin:ShortcutBadger:1.1.22] AndroidManifest.xml:38:22-89
41    <uses-permission android:name="com.huawei.android.launcher.permission.WRITE_SETTINGS" /> <!-- for ZUK -->
41-->[me.leolin:ShortcutBadger:1.1.22] AndroidManifest.xml:39:5-93
41-->[me.leolin:ShortcutBadger:1.1.22] AndroidManifest.xml:39:22-90
42    <uses-permission android:name="android.permission.READ_APP_BADGE" /> <!-- for OPPO -->
42-->[me.leolin:ShortcutBadger:1.1.22] AndroidManifest.xml:42:5-73
42-->[me.leolin:ShortcutBadger:1.1.22] AndroidManifest.xml:42:22-70
43    <uses-permission android:name="com.oppo.launcher.permission.READ_SETTINGS" />
43-->[me.leolin:ShortcutBadger:1.1.22] AndroidManifest.xml:45:5-82
43-->[me.leolin:ShortcutBadger:1.1.22] AndroidManifest.xml:45:22-79
44    <uses-permission android:name="com.oppo.launcher.permission.WRITE_SETTINGS" /> <!-- for EvMe -->
44-->[me.leolin:ShortcutBadger:1.1.22] AndroidManifest.xml:46:5-83
44-->[me.leolin:ShortcutBadger:1.1.22] AndroidManifest.xml:46:22-80
45    <uses-permission android:name="me.everything.badger.permission.BADGE_COUNT_READ" />
45-->[me.leolin:ShortcutBadger:1.1.22] AndroidManifest.xml:49:5-88
45-->[me.leolin:ShortcutBadger:1.1.22] AndroidManifest.xml:49:22-85
46    <uses-permission android:name="me.everything.badger.permission.BADGE_COUNT_WRITE" />
46-->[me.leolin:ShortcutBadger:1.1.22] AndroidManifest.xml:50:5-89
46-->[me.leolin:ShortcutBadger:1.1.22] AndroidManifest.xml:50:22-86
47
48    <application
48-->src/main/AndroidManifest.xml:10:5-58:19
49        android:name="com.weatherapp.MainApplication"
49-->src/main/AndroidManifest.xml:11:7-38
50        android:allowBackup="false"
50-->src/main/AndroidManifest.xml:15:7-34
51        android:appComponentFactory="androidx.core.app.CoreComponentFactory"
51-->[androidx.core:core:1.1.0] AndroidManifest.xml:24:18-86
52        android:debuggable="true"
53        android:icon="@mipmap/ic_launcher"
53-->src/main/AndroidManifest.xml:13:7-41
54        android:label="@string/app_name"
54-->src/main/AndroidManifest.xml:12:7-39
55        android:roundIcon="@mipmap/ic_launcher_round"
55-->src/main/AndroidManifest.xml:14:7-52
56        android:theme="@style/AppTheme"
56-->src/main/AndroidManifest.xml:16:7-38
57        android:usesCleartextTraffic="true" >
57-->src/debug/AndroidManifest.xml:7:18-53
58        <meta-data
58-->src/main/AndroidManifest.xml:18:5-19:43
59            android:name="com.dieam.reactnativepushnotification.notification_foreground"
59-->src/main/AndroidManifest.xml:18:17-93
60            android:value="true" />
60-->src/main/AndroidManifest.xml:19:21-41
61
62        <receiver android:name="com.dieam.reactnativepushnotification.modules.RNPushNotificationActions" />
62-->src/main/AndroidManifest.xml:21:9-108
62-->src/main/AndroidManifest.xml:21:19-105
63        <receiver android:name="com.dieam.reactnativepushnotification.modules.RNPushNotificationPublisher" />
63-->src/main/AndroidManifest.xml:22:9-110
63-->src/main/AndroidManifest.xml:22:19-107
64        <receiver android:name="com.dieam.reactnativepushnotification.modules.RNPushNotificationBootEventReceiver" >
64-->src/main/AndroidManifest.xml:23:9-29:20
64-->src/main/AndroidManifest.xml:23:19-115
65            <intent-filter>
65-->src/main/AndroidManifest.xml:24:13-28:29
66                <action android:name="android.intent.action.BOOT_COMPLETED" />
66-->src/main/AndroidManifest.xml:25:17-79
66-->src/main/AndroidManifest.xml:25:25-76
67                <action android:name="android.intent.action.QUICKBOOT_POWERON" />
67-->src/main/AndroidManifest.xml:26:17-82
67-->src/main/AndroidManifest.xml:26:25-79
68                <action android:name="com.htc.intent.action.QUICKBOOT_POWERON" />
68-->src/main/AndroidManifest.xml:27:17-81
68-->src/main/AndroidManifest.xml:27:25-79
69            </intent-filter>
70        </receiver>
71
72        <service
72-->src/main/AndroidManifest.xml:31:9-37:19
73            android:name="com.dieam.reactnativepushnotification.modules.RNPushNotificationListenerService"
73-->src/main/AndroidManifest.xml:32:13-107
74            android:exported="true" >
74-->src/main/AndroidManifest.xml:33:13-36
75            <intent-filter>
75-->src/main/AndroidManifest.xml:34:13-36:29
76                <action android:name="com.google.firebase.MESSAGING_EVENT" />
76-->src/main/AndroidManifest.xml:35:17-78
76-->src/main/AndroidManifest.xml:35:25-75
77            </intent-filter>
78        </service>
79
80        <activity
80-->src/main/AndroidManifest.xml:39:7-49:18
81            android:name="com.weatherapp.MainActivity"
81-->src/main/AndroidManifest.xml:40:9-37
82            android:configChanges="keyboard|keyboardHidden|orientation|screenSize|uiMode"
82-->src/main/AndroidManifest.xml:42:9-86
83            android:label="@string/app_name"
83-->src/main/AndroidManifest.xml:41:9-41
84            android:launchMode="singleTask"
84-->src/main/AndroidManifest.xml:43:9-40
85            android:windowSoftInputMode="adjustResize" >
85-->src/main/AndroidManifest.xml:44:9-51
86            <intent-filter>
86-->src/main/AndroidManifest.xml:45:9-48:25
87                <action android:name="android.intent.action.MAIN" />
87-->src/main/AndroidManifest.xml:46:13-65
87-->src/main/AndroidManifest.xml:46:21-62
88
89                <category android:name="android.intent.category.LAUNCHER" />
89-->src/main/AndroidManifest.xml:47:13-73
89-->src/main/AndroidManifest.xml:47:23-70
90            </intent-filter>
91        </activity>
92        <activity android:name="com.facebook.react.devsupport.DevSettingsActivity" /> <!-- You will only need to add this meta-data tag, but make sure it's a child of application -->
92-->src/main/AndroidManifest.xml:50:7-84
92-->src/main/AndroidManifest.xml:50:17-81
93        <meta-data
93-->src/main/AndroidManifest.xml:52:4-54:63
94            android:name="com.google.android.geo.API_KEY"
94-->src/main/AndroidManifest.xml:53:6-51
95            android:value="AIzaSyAHc_DsweA9F0GG1A724BSOJgtV9BcWK3o" /> <!-- You will also only need to add this uses-library tag -->
95-->src/main/AndroidManifest.xml:54:6-61
96        <uses-library
96-->src/main/AndroidManifest.xml:57:4-82
97            android:name="org.apache.http.legacy"
97-->src/main/AndroidManifest.xml:57:18-55
98            android:required="false" />
98-->src/main/AndroidManifest.xml:57:56-80
99
100        <receiver
100-->[com.google.firebase:firebase-messaging:21.1.0] AndroidManifest.xml:28:9-35:20
101            android:name="com.google.firebase.iid.FirebaseInstanceIdReceiver"
101-->[com.google.firebase:firebase-messaging:21.1.0] AndroidManifest.xml:29:13-78
102            android:exported="true"
102-->[com.google.firebase:firebase-messaging:21.1.0] AndroidManifest.xml:30:13-36
103            android:permission="com.google.android.c2dm.permission.SEND" >
103-->[com.google.firebase:firebase-messaging:21.1.0] AndroidManifest.xml:31:13-73
104            <intent-filter>
104-->[com.google.firebase:firebase-messaging:21.1.0] AndroidManifest.xml:32:13-34:29
105                <action android:name="com.google.android.c2dm.intent.RECEIVE" />
105-->[com.google.firebase:firebase-messaging:21.1.0] AndroidManifest.xml:33:17-81
105-->[com.google.firebase:firebase-messaging:21.1.0] AndroidManifest.xml:33:25-78
106            </intent-filter>
107        </receiver>
108        <!--
109             FirebaseMessagingService performs security checks at runtime,
110             but set to not exported to explicitly avoid allowing another app to call it.
111        -->
112        <service
112-->[com.google.firebase:firebase-messaging:21.1.0] AndroidManifest.xml:41:9-48:19
113            android:name="com.google.firebase.messaging.FirebaseMessagingService"
113-->[com.google.firebase:firebase-messaging:21.1.0] AndroidManifest.xml:42:13-82
114            android:directBootAware="true"
114-->[com.google.firebase:firebase-messaging:21.1.0] AndroidManifest.xml:43:13-43
115            android:exported="false" >
115-->[com.google.firebase:firebase-messaging:21.1.0] AndroidManifest.xml:44:13-37
116            <intent-filter android:priority="-500" >
116-->src/main/AndroidManifest.xml:34:13-36:29
117                <action android:name="com.google.firebase.MESSAGING_EVENT" />
117-->src/main/AndroidManifest.xml:35:17-78
117-->src/main/AndroidManifest.xml:35:25-75
118            </intent-filter>
119        </service>
120        <service
120-->[com.google.firebase:firebase-messaging:21.1.0] AndroidManifest.xml:49:9-55:19
121            android:name="com.google.firebase.components.ComponentDiscoveryService"
121-->[com.google.firebase:firebase-messaging:21.1.0] AndroidManifest.xml:50:13-84
122            android:directBootAware="true"
122-->[com.google.firebase:firebase-common:19.5.0] AndroidManifest.xml:35:13-43
123            android:exported="false" >
123-->[com.google.firebase:firebase-messaging:21.1.0] AndroidManifest.xml:51:13-37
124            <meta-data
124-->[com.google.firebase:firebase-messaging:21.1.0] AndroidManifest.xml:52:13-54:85
125                android:name="com.google.firebase.components:com.google.firebase.messaging.FirebaseMessagingRegistrar"
125-->[com.google.firebase:firebase-messaging:21.1.0] AndroidManifest.xml:53:17-119
126                android:value="com.google.firebase.components.ComponentRegistrar" />
126-->[com.google.firebase:firebase-messaging:21.1.0] AndroidManifest.xml:54:17-82
127            <meta-data
127-->[com.google.firebase:firebase-datatransport:17.0.10] AndroidManifest.xml:28:13-30:85
128                android:name="com.google.firebase.components:com.google.firebase.datatransport.TransportRegistrar"
128-->[com.google.firebase:firebase-datatransport:17.0.10] AndroidManifest.xml:29:17-115
129                android:value="com.google.firebase.components.ComponentRegistrar" />
129-->[com.google.firebase:firebase-datatransport:17.0.10] AndroidManifest.xml:30:17-82
130            <meta-data
130-->[com.google.firebase:firebase-iid:21.1.0] AndroidManifest.xml:32:13-34:85
131                android:name="com.google.firebase.components:com.google.firebase.iid.Registrar"
131-->[com.google.firebase:firebase-iid:21.1.0] AndroidManifest.xml:33:17-96
132                android:value="com.google.firebase.components.ComponentRegistrar" />
132-->[com.google.firebase:firebase-iid:21.1.0] AndroidManifest.xml:34:17-82
133            <meta-data
133-->[com.google.firebase:firebase-installations:16.3.5] AndroidManifest.xml:18:13-20:85
134                android:name="com.google.firebase.components:com.google.firebase.installations.FirebaseInstallationsRegistrar"
134-->[com.google.firebase:firebase-installations:16.3.5] AndroidManifest.xml:19:17-127
135                android:value="com.google.firebase.components.ComponentRegistrar" />
135-->[com.google.firebase:firebase-installations:16.3.5] AndroidManifest.xml:20:17-82
136            <!--
137                This registrar is not defined in the dynamic-module-support sdk itself to allow non-firebase
138                clients to use it as well, by defining this registrar in their own core/common library.
139            -->
140            <meta-data
140-->[com.google.firebase:firebase-common:19.5.0] AndroidManifest.xml:43:13-45:85
141                android:name="com.google.firebase.components:com.google.firebase.dynamicloading.DynamicLoadingRegistrar"
141-->[com.google.firebase:firebase-common:19.5.0] AndroidManifest.xml:44:17-121
142                android:value="com.google.firebase.components.ComponentRegistrar" />
142-->[com.google.firebase:firebase-common:19.5.0] AndroidManifest.xml:45:17-82
143        </service>
144        <service
144-->[com.google.android.datatransport:transport-backend-cct:2.3.3] AndroidManifest.xml:29:9-35:19
145            android:name="com.google.android.datatransport.runtime.backends.TransportBackendDiscovery"
145-->[com.google.android.datatransport:transport-backend-cct:2.3.3] AndroidManifest.xml:30:13-103
146            android:exported="false" >
146-->[com.google.android.datatransport:transport-backend-cct:2.3.3] AndroidManifest.xml:31:13-37
147            <meta-data
147-->[com.google.android.datatransport:transport-backend-cct:2.3.3] AndroidManifest.xml:32:13-34:39
148                android:name="backend:com.google.android.datatransport.cct.CctBackendFactory"
148-->[com.google.android.datatransport:transport-backend-cct:2.3.3] AndroidManifest.xml:33:17-94
149                android:value="cct" />
149-->[com.google.android.datatransport:transport-backend-cct:2.3.3] AndroidManifest.xml:34:17-36
150        </service>
151        <service
151-->[com.google.android.datatransport:transport-runtime:2.2.5] AndroidManifest.xml:26:9-30:19
152            android:name="com.google.android.datatransport.runtime.scheduling.jobscheduling.JobInfoSchedulerService"
152-->[com.google.android.datatransport:transport-runtime:2.2.5] AndroidManifest.xml:27:13-117
153            android:exported="false"
153-->[com.google.android.datatransport:transport-runtime:2.2.5] AndroidManifest.xml:28:13-37
154            android:permission="android.permission.BIND_JOB_SERVICE" >
154-->[com.google.android.datatransport:transport-runtime:2.2.5] AndroidManifest.xml:29:13-69
155        </service>
156
157        <receiver
157-->[com.google.android.datatransport:transport-runtime:2.2.5] AndroidManifest.xml:32:9-34:40
158            android:name="com.google.android.datatransport.runtime.scheduling.jobscheduling.AlarmManagerSchedulerBroadcastReceiver"
158-->[com.google.android.datatransport:transport-runtime:2.2.5] AndroidManifest.xml:33:13-132
159            android:exported="false" />
159-->[com.google.android.datatransport:transport-runtime:2.2.5] AndroidManifest.xml:34:13-37
160
161        <activity
161-->[com.google.android.gms:play-services-base:17.0.0] AndroidManifest.xml:23:9-26:75
162            android:name="com.google.android.gms.common.api.GoogleApiActivity"
162-->[com.google.android.gms:play-services-base:17.0.0] AndroidManifest.xml:24:13-79
163            android:exported="false"
163-->[com.google.android.gms:play-services-base:17.0.0] AndroidManifest.xml:25:13-37
164            android:theme="@android:style/Theme.Translucent.NoTitleBar" />
164-->[com.google.android.gms:play-services-base:17.0.0] AndroidManifest.xml:26:13-72
165
166        <provider
166-->[com.google.firebase:firebase-common:19.5.0] AndroidManifest.xml:26:9-31:39
167            android:name="com.google.firebase.provider.FirebaseInitProvider"
167-->[com.google.firebase:firebase-common:19.5.0] AndroidManifest.xml:27:13-77
168            android:authorities="com.weatherapp.firebaseinitprovider"
168-->[com.google.firebase:firebase-common:19.5.0] AndroidManifest.xml:28:13-72
169            android:directBootAware="true"
169-->[com.google.firebase:firebase-common:19.5.0] AndroidManifest.xml:29:13-43
170            android:exported="false"
170-->[com.google.firebase:firebase-common:19.5.0] AndroidManifest.xml:30:13-37
171            android:initOrder="100" />
171-->[com.google.firebase:firebase-common:19.5.0] AndroidManifest.xml:31:13-36
172
173        <meta-data
173-->[com.google.android.gms:play-services-basement:17.0.0] AndroidManifest.xml:23:9-25:69
174            android:name="com.google.android.gms.version"
174-->[com.google.android.gms:play-services-basement:17.0.0] AndroidManifest.xml:24:13-58
175            android:value="@integer/google_play_services_version" />
175-->[com.google.android.gms:play-services-basement:17.0.0] AndroidManifest.xml:25:13-66
176    </application>
177
178</manifest>